<?xml version="1.0" encoding="utf-8"?><testsuites name="pytest tests"><testsuite name="pytest" errors="0" failures="0" skipped="0" tests="34" time="3.690" timestamp="2026-05-02T11:29:59.748591+00:00" hostname="agent-env-25fa423d-0648-4cb1-903f-0c393663bc85"><testcase classname="backend.tests.test_cleaning_api.TestHealth" name="test_root" time="0.116" /><testcase classname="backend.tests.test_cleaning_api.TestAuth" name="test_login_correct" time="0.050" /><testcase classname="backend.tests.test_cleaning_api.TestAuth" name="test_login_wrong" time="0.047" /><testcase classname="backend.tests.test_cleaning_api.TestSettings" name="test_get_public_settings" time="0.051" /><testcase classname="backend.tests.test_cleaning_api.TestSettings" name="test_update_requires_auth" time="0.049" /><testcase classname="backend.tests.test_cleaning_api.TestSettings" name="test_update_with_auth" time="0.125" /><testcase classname="backend.tests.test_cleaning_api.TestSeeded" name="test_seeded_list[task-types-Grundreiniger]" time="0.050" /><testcase classname="backend.tests.test_cleaning_api.TestSeeded" name="test_seeded_list[houses-A]" time="0.047" /><testcase classname="backend.tests.test_cleaning_api.TestSeeded" name="test_seeded_list[stations-10]" time="0.054" /><testcase classname="backend.tests.test_cleaning_api.TestSeeded" name="test_persons_empty_or_list" time="0.046" /><testcase classname="backend.tests.test_cleaning_api.TestSimpleCRUD" name="test_add_requires_auth[task-types]" time="0.047" /><testcase classname="backend.tests.test_cleaning_api.TestSimpleCRUD" name="test_add_requires_auth[houses]" time="0.048" /><testcase classname="backend.tests.test_cleaning_api.TestSimpleCRUD" name="test_add_requires_auth[stations]" time="0.055" /><testcase classname="backend.tests.test_cleaning_api.TestSimpleCRUD" name="test_add_requires_auth[persons]" time="0.043" /><testcase classname="backend.tests.test_cleaning_api.TestSimpleCRUD" name="test_add_and_delete[task-types]" time="0.183" /><testcase classname="backend.tests.test_cleaning_api.TestSimpleCRUD" name="test_add_and_delete[houses]" time="0.205" /><testcase classname="backend.tests.test_cleaning_api.TestSimpleCRUD" name="test_add_and_delete[stations]" time="0.189" /><testcase classname="backend.tests.test_cleaning_api.TestSimpleCRUD" name="test_add_and_delete[persons]" time="0.192" /><testcase classname="backend.tests.test_cleaning_api.TestTasks" name="test_create_requires_auth" time="0.234" /><testcase classname="backend.tests.test_cleaning_api.TestTasks" name="test_create_and_today_flow" time="0.092" /><testcase classname="backend.tests.test_cleaning_api.TestTasks" name="test_status_accepted" time="0.146" /><testcase classname="backend.tests.test_cleaning_api.TestTasks" name="test_status_finished" time="0.138" /><testcase classname="backend.tests.test_cleaning_api.TestTasks" name="test_status_with_reason[cannot_accept-accept_reason]" time="0.137" /><testcase classname="backend.tests.test_cleaning_api.TestTasks" name="test_status_with_reason[not_finished-not_finished_reason]" time="0.147" /><testcase classname="backend.tests.test_cleaning_api.TestTasks" name="test_status_with_reason[not_done-not_done_reason]" time="0.149" /><testcase classname="backend.tests.test_cleaning_api.TestTasks" name="test_invalid_status" time="0.095" /><testcase classname="backend.tests.test_cleaning_api.TestTasks" name="test_status_not_found" time="0.096" /><testcase classname="backend.tests.test_cleaning_api.TestArchive" name="test_archive_requires_auth" time="0.045" /><testcase classname="backend.tests.test_cleaning_api.TestArchive" name="test_archive_now_and_list" time="0.363" /><testcase classname="backend.tests.test_update_info.TestUpdateInfo" name="test_endpoint_exists_and_default_shape" time="0.120" /><testcase classname="backend.tests.test_update_info.TestUpdateInfo" name="test_default_value_matches_file" time="0.055" /><testcase classname="backend.tests.test_update_info.TestUpdateInfo" name="test_hot_reload_without_restart" time="0.047" /><testcase classname="backend.tests.test_update_info.TestUpdateInfo" name="test_revert_after_hot_reload" time="0.048" /><testcase classname="backend.tests.test_update_info.TestUpdateInfo" name="test_no_auth_required" time="0.102" /></testsuite></testsuites>