<?xml version="1.0" encoding="utf-8"?><testsuites name="pytest tests"><testsuite name="pytest" errors="0" failures="0" skipped="0" tests="29" time="3.559" timestamp="2026-05-02T08:52:47.549193+00:00" hostname="agent-env-25fa423d-0648-4cb1-903f-0c393663bc85"><testcase classname="backend.tests.test_cleaning_api.TestHealth" name="test_root" time="0.210" /><testcase classname="backend.tests.test_cleaning_api.TestAuth" name="test_login_correct" time="0.048" /><testcase classname="backend.tests.test_cleaning_api.TestAuth" name="test_login_wrong" time="0.047" /><testcase classname="backend.tests.test_cleaning_api.TestSettings" name="test_get_public_settings" time="0.047" /><testcase classname="backend.tests.test_cleaning_api.TestSettings" name="test_update_requires_auth" time="0.045" /><testcase classname="backend.tests.test_cleaning_api.TestSettings" name="test_update_with_auth" time="0.094" /><testcase classname="backend.tests.test_cleaning_api.TestSeeded" name="test_seeded_list[task-types-Grundreiniger]" time="0.047" /><testcase classname="backend.tests.test_cleaning_api.TestSeeded" name="test_seeded_list[houses-A]" time="0.046" /><testcase classname="backend.tests.test_cleaning_api.TestSeeded" name="test_seeded_list[stations-10]" time="0.048" /><testcase classname="backend.tests.test_cleaning_api.TestSeeded" name="test_persons_empty_or_list" time="0.047" /><testcase classname="backend.tests.test_cleaning_api.TestSimpleCRUD" name="test_add_requires_auth[task-types]" time="0.047" /><testcase classname="backend.tests.test_cleaning_api.TestSimpleCRUD" name="test_add_requires_auth[houses]" time="0.045" /><testcase classname="backend.tests.test_cleaning_api.TestSimpleCRUD" name="test_add_requires_auth[stations]" time="0.049" /><testcase classname="backend.tests.test_cleaning_api.TestSimpleCRUD" name="test_add_requires_auth[persons]" time="0.045" /><testcase classname="backend.tests.test_cleaning_api.TestSimpleCRUD" name="test_add_and_delete[task-types]" time="0.184" /><testcase classname="backend.tests.test_cleaning_api.TestSimpleCRUD" name="test_add_and_delete[houses]" time="0.186" /><testcase classname="backend.tests.test_cleaning_api.TestSimpleCRUD" name="test_add_and_delete[stations]" time="0.191" /><testcase classname="backend.tests.test_cleaning_api.TestSimpleCRUD" name="test_add_and_delete[persons]" time="0.208" /><testcase classname="backend.tests.test_cleaning_api.TestTasks" name="test_create_requires_auth" time="0.238" /><testcase classname="backend.tests.test_cleaning_api.TestTasks" name="test_create_and_today_flow" time="0.118" /><testcase classname="backend.tests.test_cleaning_api.TestTasks" name="test_status_accepted" time="0.142" /><testcase classname="backend.tests.test_cleaning_api.TestTasks" name="test_status_finished" time="0.140" /><testcase classname="backend.tests.test_cleaning_api.TestTasks" name="test_status_with_reason[cannot_accept-accept_reason]" time="0.138" /><testcase classname="backend.tests.test_cleaning_api.TestTasks" name="test_status_with_reason[not_finished-not_finished_reason]" time="0.140" /><testcase classname="backend.tests.test_cleaning_api.TestTasks" name="test_status_with_reason[not_done-not_done_reason]" time="0.142" /><testcase classname="backend.tests.test_cleaning_api.TestTasks" name="test_invalid_status" time="0.093" /><testcase classname="backend.tests.test_cleaning_api.TestTasks" name="test_status_not_found" time="0.092" /><testcase classname="backend.tests.test_cleaning_api.TestArchive" name="test_archive_requires_auth" time="0.044" /><testcase classname="backend.tests.test_cleaning_api.TestArchive" name="test_archive_now_and_list" time="0.401" /></testsuite></testsuites>